<?xml version="1.0" encoding="UTF-8"?>
<testsuite name="com.example.project.TestUser" tests="2" skipped="0" failures="0" errors="0" timestamp="2025-01-31T16:46:57" hostname="codespaces-36a238" time="0.025">
  <properties/>
  <testcase name="testUserConstructor()" classname="com.example.project.TestUser" time="0.022"/>
  <testcase name="testUserInfo()" classname="com.example.project.TestUser" time="0.001"/>
  <system-out><![CDATA[]]></system-out>
  <system-err><![CDATA[]]></system-err>
</testsuite>
