<?xml version="1.0" encoding="UTF-8"?>
<testsuite name="com.example.project.TestBookStore" tests="6" skipped="0" failures="0" errors="0" timestamp="2025-01-31T16:46:57" hostname="codespaces-36a238" time="0.071">
  <properties/>
  <testcase name="testAddBook()" classname="com.example.project.TestBookStore" time="0.025"/>
  <testcase name="testAddUser()" classname="com.example.project.TestBookStore" time="0.021"/>
  <testcase name="testInsertBooK()" classname="com.example.project.TestBookStore" time="0.002"/>
  <testcase name="testRemoveBook()" classname="com.example.project.TestBookStore" time="0.004"/>
  <testcase name="testRemoveUser()" classname="com.example.project.TestBookStore" time="0.003"/>
  <testcase name="testConsolidateUsers()" classname="com.example.project.TestBookStore" time="0.003"/>
  <system-out><![CDATA[]]></system-out>
  <system-err><![CDATA[]]></system-err>
</testsuite>
