<?xml version="1.0" encoding="UTF-8"?>
<testsuite name="com.example.project.TestBook" tests="3" skipped="0" failures="0" errors="0" timestamp="2025-01-28T17:33:48" hostname="codespaces-36a238" time="0.075">
  <properties/>
  <testcase name="testBookInfo()" classname="com.example.project.TestBook" time="0.065"/>
  <testcase name="testBookConstructor()" classname="com.example.project.TestBook" time="0.001"/>
  <testcase name="testSetters()" classname="com.example.project.TestBook" time="0.0"/>
  <system-out><![CDATA[]]></system-out>
  <system-err><![CDATA[]]></system-err>
</testsuite>
